<?xml version="1.0" encoding="UTF-8"?>
<!-- Generated by org.testng.reporters.JUnitXMLReporter -->
<testsuite hostname="4S0L3M2" ignored="0" name="Default test" tests="3" failures="0" timestamp="04 Aug 2019 10:35:23 GMT" time="20.948" errors="0">
  <testcase name="TC01_Success" time="2.649" classname="SeleniumAPI.dataProvider"/>
  <testcase name="TC01_Success" time="2.605" classname="SeleniumAPI.dataProvider"/>
  <testcase name="TC03_Unsuccess" time="0.582" classname="SeleniumAPI.dataProvider"/>
</testsuite> <!-- Default test -->
