<?xml version="1.0" encoding="UTF-8"?>
<!-- Generated by org.testng.reporters.JUnitXMLReporter -->
<testsuite hostname="4S0L3M2" ignored="0" name="TestWithChrome" tests="4" failures="0" timestamp="13 Aug 2019 14:41:59 GMT" time="24.87" errors="0">
  <testcase name="NC01_NewCustomer01" time="1.494" classname="com.bankguru.scripts.LoginScript"/>
  <testcase name="NC02_NumericCase" time="0.769" classname="com.bankguru.scripts.LoginScript"/>
  <testcase name="NC03_SpecialCharacters" time="0.748" classname="com.bankguru.scripts.LoginScript"/>
  <testcase name="NC04_FirstCharacterBlank" time="0.904" classname="com.bankguru.scripts.LoginScript"/>
</testsuite> <!-- TestWithChrome -->
