<?xml version="1.0" encoding="UTF-8"?>
<!-- Generated by org.testng.reporters.JUnitXMLReporter -->
<testsuite hostname="4S0L3M2" ignored="0" name="TestWithChrome" tests="3" failures="0" timestamp="04 Aug 2019 09:42:13 GMT" time="19.758" errors="0">
  <testcase name="TC01_Success" time="3.046" classname="SeleniumAPI.loginGuru"/>
  <testcase name="TC02_Success" time="2.224" classname="SeleniumAPI.loginGuru"/>
  <testcase name="TC03_Unsuccess" time="0.539" classname="SeleniumAPI.loginGuru"/>
</testsuite> <!-- TestWithChrome -->
