<?xml version="1.0" encoding="UTF-8"?>
<!-- Generated by org.testng.reporters.JUnitXMLReporter -->
<testsuite hostname="4S0L3M2" ignored="0" name="TestWithChrome" tests="46" failures="0" timestamp="30 Aug 2019 02:28:19 GMT" time="123.386" errors="0">
  <testcase name="RegisterScript" time="4.314" classname="com.bankguru.scripts.RegisterNewAccountScript"/>
  <testcase name="NC01_NewCustomer01" time="0.204" classname="com.bankguru.scripts.NewCustomerScript"/>
  <testcase name="NC02_NumericCase" time="0.209" classname="com.bankguru.scripts.NewCustomerScript"/>
  <testcase name="NC03_SpecialCharacters" time="0.221" classname="com.bankguru.scripts.NewCustomerScript"/>
  <testcase name="NC04_FirstCharacterBlank" time="0.198" classname="com.bankguru.scripts.NewCustomerScript"/>
  <testcase name="NC05_AddressEmplty" time="0.213" classname="com.bankguru.scripts.NewCustomerScript"/>
  <testcase name="NC06_AddressHaveSpace" time="0.161" classname="com.bankguru.scripts.NewCustomerScript"/>
  <testcase name="NC08_CityFiledEmpty" time="0.193" classname="com.bankguru.scripts.NewCustomerScript"/>
  <testcase name="NC09_CityWithNumberic" time="0.197" classname="com.bankguru.scripts.NewCustomerScript"/>
  <testcase name="NC10_CityWithSpecialCharacter" time="0.216" classname="com.bankguru.scripts.NewCustomerScript"/>
  <testcase name="NC11_CityHaveSpace" time="0.191" classname="com.bankguru.scripts.NewCustomerScript"/>
  <testcase name="NC12_StateFieldEmpty" time="0.164" classname="com.bankguru.scripts.NewCustomerScript"/>
  <testcase name="NC13_StateFieldWithNumberic" time="0.199" classname="com.bankguru.scripts.NewCustomerScript"/>
  <testcase name="NC14_StateFieldWithSpecialCharacter" time="0.214" classname="com.bankguru.scripts.NewCustomerScript"/>
  <testcase name="NC15_SateFieldWithSpace" time="0.194" classname="com.bankguru.scripts.NewCustomerScript"/>
  <testcase name="NC16_PINFiledWithNumberic" time="0.219" classname="com.bankguru.scripts.NewCustomerScript"/>
  <testcase name="NC17_PinFieldEmpty" time="0.184" classname="com.bankguru.scripts.NewCustomerScript"/>
  <testcase name="NC18_PinFieldHave6Digits" time="0.199" classname="com.bankguru.scripts.NewCustomerScript"/>
  <testcase name="NC19_PinFieldWithSpecialCharcter" time="0.197" classname="com.bankguru.scripts.NewCustomerScript"/>
  <testcase name="NC20_PinFieldWithSpace" time="0.168" classname="com.bankguru.scripts.NewCustomerScript"/>
  <testcase name="NC21_TelephoneFieldEmpty" time="0.252" classname="com.bankguru.scripts.NewCustomerScript"/>
  <testcase name="NC22_TelephoneFieldHaveSpace" time="0.171" classname="com.bankguru.scripts.NewCustomerScript"/>
  <testcase name="NC25_TelephoneFieldWithSpecialCharacter" time="0.191" classname="com.bankguru.scripts.NewCustomerScript"/>
  <testcase name="NC26_EmailFieldEmpty" time="0.187" classname="com.bankguru.scripts.NewCustomerScript"/>
  <testcase name="NC27_EmailFieldWithIncorrectFormat" time="0.222" classname="com.bankguru.scripts.NewCustomerScript"/>
  <testcase name="NC29_EmailFieldWithSpace" time="0.211" classname="com.bankguru.scripts.NewCustomerScript"/>
  <testcase name="NC30_CreateNewCustomer" time="2.554" classname="com.bankguru.scripts.NewCustomerScript"/>
  <testcase name="EC01_CustomerIdEmpty" time="0.214" classname="com.bankguru.scripts.EditCustomerScript"/>
  <testcase name="EC02_CustomerIdNotNumberic" time="0.158" classname="com.bankguru.scripts.EditCustomerScript"/>
  <testcase name="EC03_CustomerIdhaveSpecialCharacter" time="0.16" classname="com.bankguru.scripts.EditCustomerScript"/>
  <testcase name="EC04_ValidCustomerId" time="5.973" classname="com.bankguru.scripts.EditCustomerScript"/>
  <testcase name="EC08_AddressIsEmpty" time="6.64" classname="com.bankguru.scripts.EditCustomerScript"/>
  <testcase name="EC09_CityIsEmpty" time="6.219" classname="com.bankguru.scripts.EditCustomerScript"/>
  <testcase name="EC10_CityNotNumberic" time="1.377" classname="com.bankguru.scripts.EditCustomerScript"/>
  <testcase name="EC11_CityCannotHaveSpecialCharacter" time="1.343" classname="com.bankguru.scripts.EditCustomerScript"/>
  <testcase name="EC12_StateFieldEmpty" time="1.32" classname="com.bankguru.scripts.EditCustomerScript"/>
  <testcase name="EC13_StateWithNumeric" time="1.339" classname="com.bankguru.scripts.EditCustomerScript"/>
  <testcase name="EC14_StateFieldWithSpecialCharacter" time="1.542" classname="com.bankguru.scripts.EditCustomerScript"/>
  <testcase name="EC15_PINMustBeNumeric" time="1.415" classname="com.bankguru.scripts.EditCustomerScript"/>
  <testcase name="EC16_PINFieldEmpty" time="1.252" classname="com.bankguru.scripts.EditCustomerScript"/>
  <testcase name="EC17_PINMustHave6Digits" time="1.232" classname="com.bankguru.scripts.EditCustomerScript"/>
  <testcase name="EC18_PINWithSpecialCharacter" time="1.342" classname="com.bankguru.scripts.EditCustomerScript"/>
  <testcase name="EC19_TelephoneWithEmpty" time="1.511" classname="com.bankguru.scripts.EditCustomerScript"/>
  <testcase name="EC20_TelephoneWithSpecialCharacter" time="1.34" classname="com.bankguru.scripts.EditCustomerScript"/>
  <testcase name="EC21_EmailEmpty" time="1.248" classname="com.bankguru.scripts.EditCustomerScript"/>
  <testcase name="EC22_EmailWithInvalidFormat" time="1.4" classname="com.bankguru.scripts.EditCustomerScript"/>
</testsuite> <!-- TestWithChrome -->
