<?xml version="1.0" encoding="UTF-8"?>
<!-- Generated by org.testng.reporters.JUnitXMLReporter -->
<testsuite hostname="4S0L3M2" ignored="0" name="TestWithFF" tests="46" failures="5" timestamp="30 Aug 2019 02:19:25 GMT" time="86.292" errors="0">
  <testcase name="RegisterScript" time="3.286" classname="com.bankguru.scripts.RegisterNewAccountScript"/>
  <testcase name="NC01_NewCustomer01" time="0.098" classname="com.bankguru.scripts.NewCustomerScript"/>
  <testcase name="NC02_NumericCase" time="0.097" classname="com.bankguru.scripts.NewCustomerScript"/>
  <testcase name="NC03_SpecialCharacters" time="0.089" classname="com.bankguru.scripts.NewCustomerScript"/>
  <testcase name="NC04_FirstCharacterBlank" time="0.133" classname="com.bankguru.scripts.NewCustomerScript">
    <failure type="java.lang.AssertionError" message="expected [First character can not have space] but found [Customer name must not be blank]">
      <![CDATA[java.lang.AssertionError: expected [First character can not have space] but found [Customer name must not be blank]
at com.bankguru.scripts.NewCustomerScript.NC04_FirstCharacterBlank(NewCustomerScript.java:123)
... Removed 31 stack frames]]>
    </failure>
  </testcase> <!-- NC04_FirstCharacterBlank -->
  <testcase name="NC05_AddressEmplty" time="0.19" classname="com.bankguru.scripts.NewCustomerScript"/>
  <testcase name="NC06_AddressHaveSpace" time="0.182" classname="com.bankguru.scripts.NewCustomerScript">
    <failure type="java.lang.AssertionError" message="expected [First character can not have space] but found [Address Field must not be blank]">
      <![CDATA[java.lang.AssertionError: expected [First character can not have space] but found [Address Field must not be blank]
at com.bankguru.scripts.NewCustomerScript.NC06_AddressHaveSpace(NewCustomerScript.java:139)
... Removed 31 stack frames]]>
    </failure>
  </testcase> <!-- NC06_AddressHaveSpace -->
  <testcase name="NC08_CityFiledEmpty" time="0.155" classname="com.bankguru.scripts.NewCustomerScript"/>
  <testcase name="NC09_CityWithNumberic" time="0.093" classname="com.bankguru.scripts.NewCustomerScript"/>
  <testcase name="NC10_CityWithSpecialCharacter" time="0.093" classname="com.bankguru.scripts.NewCustomerScript"/>
  <testcase name="NC11_CityHaveSpace" time="0.173" classname="com.bankguru.scripts.NewCustomerScript"/>
  <testcase name="NC12_StateFieldEmpty" time="0.162" classname="com.bankguru.scripts.NewCustomerScript"/>
  <testcase name="NC13_StateFieldWithNumberic" time="0.107" classname="com.bankguru.scripts.NewCustomerScript"/>
  <testcase name="NC14_StateFieldWithSpecialCharacter" time="0.152" classname="com.bankguru.scripts.NewCustomerScript"/>
  <testcase name="NC15_SateFieldWithSpace" time="0.124" classname="com.bankguru.scripts.NewCustomerScript">
    <failure type="java.lang.AssertionError" message="expected [First character can not have space] but found [State must not be blank]">
      <![CDATA[java.lang.AssertionError: expected [First character can not have space] but found [State must not be blank]
at com.bankguru.scripts.NewCustomerScript.NC15_SateFieldWithSpace(NewCustomerScript.java:208)
... Removed 31 stack frames]]>
    </failure>
  </testcase> <!-- NC15_SateFieldWithSpace -->
  <testcase name="NC16_PINFiledWithNumberic" time="0.175" classname="com.bankguru.scripts.NewCustomerScript"/>
  <testcase name="NC17_PinFieldEmpty" time="0.123" classname="com.bankguru.scripts.NewCustomerScript"/>
  <testcase name="NC18_PinFieldHave6Digits" time="0.131" classname="com.bankguru.scripts.NewCustomerScript"/>
  <testcase name="NC19_PinFieldWithSpecialCharcter" time="0.084" classname="com.bankguru.scripts.NewCustomerScript"/>
  <testcase name="NC20_PinFieldWithSpace" time="0.078" classname="com.bankguru.scripts.NewCustomerScript">
    <failure type="java.lang.AssertionError" message="expected [First character can not have space] but found [PIN Code must not be blank]">
      <![CDATA[java.lang.AssertionError: expected [First character can not have space] but found [PIN Code must not be blank]
at com.bankguru.scripts.NewCustomerScript.NC20_PinFieldWithSpace(NewCustomerScript.java:253)
... Removed 31 stack frames]]>
    </failure>
  </testcase> <!-- NC20_PinFieldWithSpace -->
  <testcase name="NC21_TelephoneFieldEmpty" time="0.117" classname="com.bankguru.scripts.NewCustomerScript"/>
  <testcase name="NC22_TelephoneFieldHaveSpace" time="0.117" classname="com.bankguru.scripts.NewCustomerScript">
    <failure type="java.lang.AssertionError" message="expected [First character can not have space] but found [Mobile no must not be blank]">
      <![CDATA[java.lang.AssertionError: expected [First character can not have space] but found [Mobile no must not be blank]
at com.bankguru.scripts.NewCustomerScript.NC22_TelephoneFieldHaveSpace(NewCustomerScript.java:267)
... Removed 31 stack frames]]>
    </failure>
  </testcase> <!-- NC22_TelephoneFieldHaveSpace -->
  <testcase name="NC25_TelephoneFieldWithSpecialCharacter" time="0.178" classname="com.bankguru.scripts.NewCustomerScript"/>
  <testcase name="NC26_EmailFieldEmpty" time="0.092" classname="com.bankguru.scripts.NewCustomerScript"/>
  <testcase name="NC27_EmailFieldWithIncorrectFormat" time="0.132" classname="com.bankguru.scripts.NewCustomerScript"/>
  <testcase name="NC29_EmailFieldWithSpace" time="0.126" classname="com.bankguru.scripts.NewCustomerScript"/>
  <testcase name="NC30_CreateNewCustomer" time="2.567" classname="com.bankguru.scripts.NewCustomerScript"/>
  <testcase name="EC01_CustomerIdEmpty" time="0.1" classname="com.bankguru.scripts.EditCustomerScript"/>
  <testcase name="EC02_CustomerIdNotNumberic" time="0.116" classname="com.bankguru.scripts.EditCustomerScript"/>
  <testcase name="EC03_CustomerIdhaveSpecialCharacter" time="0.134" classname="com.bankguru.scripts.EditCustomerScript"/>
  <testcase name="EC04_ValidCustomerId" time="0.962" classname="com.bankguru.scripts.EditCustomerScript"/>
  <testcase name="EC08_AddressIsEmpty" time="1.154" classname="com.bankguru.scripts.EditCustomerScript"/>
  <testcase name="EC09_CityIsEmpty" time="1.181" classname="com.bankguru.scripts.EditCustomerScript"/>
  <testcase name="EC10_CityNotNumberic" time="1.513" classname="com.bankguru.scripts.EditCustomerScript"/>
  <testcase name="EC11_CityCannotHaveSpecialCharacter" time="1.186" classname="com.bankguru.scripts.EditCustomerScript"/>
  <testcase name="EC12_StateFieldEmpty" time="1.179" classname="com.bankguru.scripts.EditCustomerScript"/>
  <testcase name="EC13_StateWithNumeric" time="1.209" classname="com.bankguru.scripts.EditCustomerScript"/>
  <testcase name="EC14_StateFieldWithSpecialCharacter" time="1.237" classname="com.bankguru.scripts.EditCustomerScript"/>
  <testcase name="EC15_PINMustBeNumeric" time="1.234" classname="com.bankguru.scripts.EditCustomerScript"/>
  <testcase name="EC16_PINFieldEmpty" time="1.336" classname="com.bankguru.scripts.EditCustomerScript"/>
  <testcase name="EC17_PINMustHave6Digits" time="1.201" classname="com.bankguru.scripts.EditCustomerScript"/>
  <testcase name="EC18_PINWithSpecialCharacter" time="1.119" classname="com.bankguru.scripts.EditCustomerScript"/>
  <testcase name="EC19_TelephoneWithEmpty" time="1.248" classname="com.bankguru.scripts.EditCustomerScript"/>
  <testcase name="EC20_TelephoneWithSpecialCharacter" time="1.479" classname="com.bankguru.scripts.EditCustomerScript"/>
  <testcase name="EC21_EmailEmpty" time="1.308" classname="com.bankguru.scripts.EditCustomerScript"/>
  <testcase name="EC22_EmailWithInvalidFormat" time="1.222" classname="com.bankguru.scripts.EditCustomerScript"/>
</testsuite> <!-- TestWithFF -->
